#! /usr/bin/vvp
:ivl_version "10.3 (stable)";
:ivl_delay_selection "TYPICAL";
:vpi_time_precision - 11;
:vpi_module "system";
:vpi_module "vhdl_sys";
:vpi_module "v2005_math";
:vpi_module "va_math";
S_0x559cd595eef0 .scope module, "nanci_tb" "nanci_tb" 2 3;
 .timescale -10 -11;
v0x559cd5987eb0_0 .var "clk", 0 0;
v0x559cd5987f70_0 .var "rst", 0 0;
S_0x559cd595f070 .scope module, "PE_tb" "PE" 2 13, 3 14 0, S_0x559cd595eef0;
 .timescale -10 -11;
    .port_info 0 /INPUT 1 "clk"
    .port_info 1 /INPUT 1 "rst"
    .port_info 2 /INPUT 3 "i_PE_l"
    .port_info 3 /INPUT 3 "i_PE_r"
    .port_info 4 /INPUT 3 "i_PE_u"
    .port_info 5 /INPUT 3 "i_PE_d"
    .port_info 6 /OUTPUT 3 "o_PE"
P_0x559cd5928050 .param/l "ADDR_WIDTH" 0 3 17, +C4<00000000000000000000000000000011>;
P_0x559cd5928090 .param/l "COL_ALIGN" 0 3 38, C4<010>;
P_0x559cd59280d0 .param/l "COMPUTE" 0 3 34, C4<10>;
P_0x559cd5928110 .param/l "COMPUTE_CYCLES" 0 3 19, +C4<00000000000000000000000000001010>;
P_0x559cd5928150 .param/l "GET_DATA" 0 3 33, C4<01>;
P_0x559cd5928190 .param/l "I" 0 3 16, +C4<00000000000000000000000000000000>;
P_0x559cd59281d0 .param/l "N" 0 3 14, +C4<00000000000000000000000000000100>;
P_0x559cd5928210 .param/l "NOP" 0 3 39, C4<111>;
P_0x559cd5928250 .param/l "PUSH_ADDR" 0 3 32, C4<00>;
P_0x559cd5928290 .param/l "ROW_ALIGN" 0 3 37, C4<001>;
P_0x559cd59282d0 .param/l "SORT" 0 3 36, C4<000>;
P_0x559cd5928310 .param/l "SORT_CYCLES" 0 3 18, +C4<00000000000000000000000000000100>;
P_0x559cd5928350 .param/l "SQRT_N" 0 3 15, +C4<00000000000000000000000000000010>;
P_0x559cd5928390 .param/l "STATE_BOTTOM_END" 0 3 30, +C4<00000000000000000000000000000010>;
P_0x559cd59283d0 .param/l "STATE_TOP_END" 0 3 28, +C4<00000000000000000000000000000100>;
P_0x559cd5928410 .param/l "STATE_TOP_START" 0 3 29, +C4<00000000000000000000000000000011>;
v0x559cd5987190_0 .net "clk", 0 0, v0x559cd5987eb0_0;  1 drivers
v0x559cd5987260_0 .net "clk_counter", 2 0, v0x559cd5953290_0;  1 drivers
o0x7fd4b4650138 .functor BUFZ 3, C4<zzz>; HiZ drive
v0x559cd5987330_0 .net "i_PE_d", 2 0, o0x7fd4b4650138;  0 drivers
o0x7fd4b4650168 .functor BUFZ 3, C4<zzz>; HiZ drive
v0x559cd5987400_0 .net "i_PE_l", 2 0, o0x7fd4b4650168;  0 drivers
o0x7fd4b4650198 .functor BUFZ 3, C4<zzz>; HiZ drive
v0x559cd59874e0_0 .net "i_PE_r", 2 0, o0x7fd4b4650198;  0 drivers
o0x7fd4b46501c8 .functor BUFZ 3, C4<zzz>; HiZ drive
v0x559cd5987610_0 .net "i_PE_u", 2 0, o0x7fd4b46501c8;  0 drivers
v0x559cd59876f0_0 .net "lt_d", 0 0, L_0x559cd5988380;  1 drivers
v0x559cd59877b0_0 .net "lt_l", 0 0, L_0x559cd5988030;  1 drivers
v0x559cd5987870_0 .net "lt_r", 0 0, L_0x559cd5988160;  1 drivers
v0x559cd5987930_0 .net "lt_u", 0 0, L_0x559cd59882b0;  1 drivers
v0x559cd59879f0_0 .var "next_state", 4 0;
o0x7fd4b46502e8 .functor BUFZ 3, C4<zzz>; HiZ drive
v0x559cd5987ad0_0 .net "o_PE", 2 0, o0x7fd4b46502e8;  0 drivers
v0x559cd5987bb0_0 .net "rst", 0 0, v0x559cd5987f70_0;  1 drivers
v0x559cd5987c70_0 .net "rst_counter", 0 0, L_0x559cd59884b0;  1 drivers
v0x559cd5987d10_0 .var "state", 4 0;
E_0x559cd5961aa0 .event edge, v0x559cd5987d10_0, v0x559cd5953290_0;
L_0x559cd5988030 .cmp/gt 3, o0x7fd4b4650168, o0x7fd4b46502e8;
L_0x559cd5988160 .cmp/gt 3, o0x7fd4b4650198, o0x7fd4b46502e8;
L_0x559cd59882b0 .cmp/gt 3, o0x7fd4b46501c8, o0x7fd4b46502e8;
L_0x559cd5988380 .cmp/gt 3, o0x7fd4b4650138, o0x7fd4b46502e8;
L_0x559cd59884b0 .cmp/ne 5, v0x559cd5987d10_0, v0x559cd59879f0_0;
S_0x559cd5960d40 .scope module, "counter_init" "counter" 3 51, 3 1 0, S_0x559cd595f070;
 .timescale -10 -11;
    .port_info 0 /INPUT 1 "clk"
    .port_info 1 /INPUT 1 "rst"
    .port_info 2 /OUTPUT 3 "counter"
P_0x559cd5960f10 .param/l "ADDR_WIDTH" 0 3 1, +C4<00000000000000000000000000000011>;
v0x559cd5951190_0 .net "clk", 0 0, v0x559cd5987eb0_0;  alias, 1 drivers
v0x559cd5953290_0 .var "counter", 2 0;
v0x559cd5987040_0 .net "rst", 0 0, L_0x559cd59884b0;  alias, 1 drivers
E_0x559cd5965550 .event posedge, v0x559cd5951190_0;
    .scope S_0x559cd5960d40;
T_0 ;
    %wait E_0x559cd5965550;
    %load/vec4 v0x559cd5987040_0;
    %flag_set/vec4 8;
    %jmp/0xz  T_0.0, 8;
    %pushi/vec4 0, 0, 3;
    %assign/vec4 v0x559cd5953290_0, 0;
    %jmp T_0.1;
T_0.0 ;
    %load/vec4 v0x559cd5953290_0;
    %addi 1, 0, 3;
    %assign/vec4 v0x559cd5953290_0, 0;
T_0.1 ;
    %jmp T_0;
    .thread T_0;
    .scope S_0x559cd595f070;
T_1 ;
    %wait E_0x559cd5961aa0;
    %load/vec4 v0x559cd5987d10_0;
    %parti/s 3, 0, 2;
    %dup/vec4;
    %pushi/vec4 0, 0, 3;
    %cmp/u;
    %jmp/1 T_1.0, 6;
    %dup/vec4;
    %pushi/vec4 1, 0, 3;
    %cmp/u;
    %jmp/1 T_1.1, 6;
    %dup/vec4;
    %pushi/vec4 2, 0, 3;
    %cmp/u;
    %jmp/1 T_1.2, 6;
    %dup/vec4;
    %pushi/vec4 7, 0, 3;
    %cmp/u;
    %jmp/1 T_1.3, 6;
    %jmp T_1.4;
T_1.0 ;
    %load/vec4 v0x559cd5987260_0;
    %pad/u 32;
    %cmpi/e 4, 0, 32;
    %jmp/0xz  T_1.5, 4;
    %pushi/vec4 1, 0, 3;
    %ix/load 4, 0, 0;
    %flag_set/imm 4, 0;
    %store/vec4 v0x559cd59879f0_0, 4, 3;
    %jmp T_1.6;
T_1.5 ;
    %pushi/vec4 0, 0, 3;
    %ix/load 4, 0, 0;
    %flag_set/imm 4, 0;
    %store/vec4 v0x559cd59879f0_0, 4, 3;
T_1.6 ;
    %jmp T_1.4;
T_1.1 ;
    %load/vec4 v0x559cd5987260_0;
    %pad/u 32;
    %cmpi/e 2, 0, 32;
    %jmp/0xz  T_1.7, 4;
    %pushi/vec4 2, 0, 3;
    %ix/load 4, 0, 0;
    %flag_set/imm 4, 0;
    %store/vec4 v0x559cd59879f0_0, 4, 3;
    %jmp T_1.8;
T_1.7 ;
    %pushi/vec4 1, 0, 3;
    %ix/load 4, 0, 0;
    %flag_set/imm 4, 0;
    %store/vec4 v0x559cd59879f0_0, 4, 3;
T_1.8 ;
    %jmp T_1.4;
T_1.2 ;
    %load/vec4 v0x559cd5987260_0;
    %pad/u 32;
    %cmpi/e 2, 0, 32;
    %jmp/0xz  T_1.9, 4;
    %load/vec4 v0x559cd5987d10_0;
    %parti/s 2, 3, 3;
    %cmpi/e 0, 0, 2;
    %jmp/0xz  T_1.11, 4;
    %pushi/vec4 0, 0, 3;
    %ix/load 4, 0, 0;
    %flag_set/imm 4, 0;
    %store/vec4 v0x559cd59879f0_0, 4, 3;
    %jmp T_1.12;
T_1.11 ;
    %pushi/vec4 7, 0, 3;
    %ix/load 4, 0, 0;
    %flag_set/imm 4, 0;
    %store/vec4 v0x559cd59879f0_0, 4, 3;
T_1.12 ;
    %jmp T_1.10;
T_1.9 ;
    %pushi/vec4 2, 0, 3;
    %ix/load 4, 0, 0;
    %flag_set/imm 4, 0;
    %store/vec4 v0x559cd59879f0_0, 4, 3;
T_1.10 ;
    %jmp T_1.4;
T_1.3 ;
    %load/vec4 v0x559cd5987260_0;
    %pad/u 32;
    %cmpi/e 10, 0, 32;
    %jmp/0xz  T_1.13, 4;
    %pushi/vec4 0, 0, 3;
    %ix/load 4, 0, 0;
    %flag_set/imm 4, 0;
    %store/vec4 v0x559cd59879f0_0, 4, 3;
    %jmp T_1.14;
T_1.13 ;
    %pushi/vec4 7, 0, 3;
    %ix/load 4, 0, 0;
    %flag_set/imm 4, 0;
    %store/vec4 v0x559cd59879f0_0, 4, 3;
T_1.14 ;
    %jmp T_1.4;
T_1.4 ;
    %pop/vec4 1;
    %jmp T_1;
    .thread T_1, $push;
    .scope S_0x559cd595f070;
T_2 ;
    %wait E_0x559cd5961aa0;
    %load/vec4 v0x559cd5987d10_0;
    %parti/s 2, 3, 3;
    %dup/vec4;
    %pushi/vec4 2, 0, 2;
    %cmp/u;
    %jmp/1 T_2.0, 6;
    %dup/vec4;
    %pushi/vec4 0, 0, 2;
    %cmp/u;
    %jmp/1 T_2.1, 6;
    %dup/vec4;
    %pushi/vec4 1, 0, 2;
    %cmp/u;
    %jmp/1 T_2.2, 6;
    %jmp T_2.3;
T_2.0 ;
    %load/vec4 v0x559cd5987260_0;
    %pad/u 32;
    %cmpi/e 10, 0, 32;
    %jmp/0xz  T_2.4, 4;
    %pushi/vec4 0, 0, 2;
    %ix/load 4, 3, 0;
    %flag_set/imm 4, 0;
    %store/vec4 v0x559cd59879f0_0, 4, 2;
    %jmp T_2.5;
T_2.4 ;
    %pushi/vec4 2, 0, 2;
    %ix/load 4, 3, 0;
    %flag_set/imm 4, 0;
    %store/vec4 v0x559cd59879f0_0, 4, 2;
T_2.5 ;
    %jmp T_2.3;
T_2.1 ;
    %load/vec4 v0x559cd5987260_0;
    %pad/u 32;
    %pushi/vec4 2, 0, 32;
    %cmp/e;
    %flag_get/vec4 4;
    %load/vec4 v0x559cd5987d10_0;
    %parti/s 3, 0, 2;
    %pushi/vec4 2, 0, 3;
    %cmp/e;
    %flag_get/vec4 4;
    %and;
    %flag_set/vec4 8;
    %jmp/0xz  T_2.6, 8;
    %pushi/vec4 1, 0, 2;
    %ix/load 4, 3, 0;
    %flag_set/imm 4, 0;
    %store/vec4 v0x559cd59879f0_0, 4, 2;
    %jmp T_2.7;
T_2.6 ;
    %pushi/vec4 0, 0, 2;
    %ix/load 4, 3, 0;
    %flag_set/imm 4, 0;
    %store/vec4 v0x559cd59879f0_0, 4, 2;
T_2.7 ;
    %jmp T_2.3;
T_2.2 ;
    %load/vec4 v0x559cd5987260_0;
    %pad/u 32;
    %pushi/vec4 2, 0, 32;
    %cmp/e;
    %flag_get/vec4 4;
    %load/vec4 v0x559cd5987d10_0;
    %parti/s 3, 0, 2;
    %pushi/vec4 2, 0, 3;
    %cmp/e;
    %flag_get/vec4 4;
    %and;
    %flag_set/vec4 8;
    %jmp/0xz  T_2.8, 8;
    %pushi/vec4 2, 0, 2;
    %ix/load 4, 3, 0;
    %flag_set/imm 4, 0;
    %store/vec4 v0x559cd59879f0_0, 4, 2;
    %jmp T_2.9;
T_2.8 ;
    %pushi/vec4 1, 0, 2;
    %ix/load 4, 3, 0;
    %flag_set/imm 4, 0;
    %store/vec4 v0x559cd59879f0_0, 4, 2;
T_2.9 ;
    %jmp T_2.3;
T_2.3 ;
    %pop/vec4 1;
    %jmp T_2;
    .thread T_2, $push;
    .scope S_0x559cd595f070;
T_3 ;
    %wait E_0x559cd5965550;
    %load/vec4 v0x559cd5987bb0_0;
    %flag_set/vec4 8;
    %jmp/0xz  T_3.0, 8;
    %pushi/vec4 16, 0, 5;
    %assign/vec4 v0x559cd5987d10_0, 0;
    %jmp T_3.1;
T_3.0 ;
    %load/vec4 v0x559cd59879f0_0;
    %assign/vec4 v0x559cd5987d10_0, 0;
T_3.1 ;
    %jmp T_3;
    .thread T_3;
    .scope S_0x559cd595eef0;
T_4 ;
    %delay 50, 0;
    %load/vec4 v0x559cd5987eb0_0;
    %inv;
    %store/vec4 v0x559cd5987eb0_0, 0, 1;
    %jmp T_4;
    .thread T_4;
    .scope S_0x559cd595eef0;
T_5 ;
    %pushi/vec4 1, 0, 1;
    %store/vec4 v0x559cd5987f70_0, 0, 1;
    %delay 200, 0;
    %pushi/vec4 0, 0, 1;
    %store/vec4 v0x559cd5987f70_0, 0, 1;
    %delay 10000, 0;
    %vpi_call 2 30 "$finish" {0 0 0};
    %end;
    .thread T_5;
    .scope S_0x559cd595eef0;
T_6 ;
    %vpi_call 2 36 "$dumpfile", "test.vcd" {0 0 0};
    %vpi_call 2 37 "$dumpvars", 32'sb00000000000000000000000000000000, S_0x559cd595eef0 {0 0 0};
    %end;
    .thread T_6;
# The file index is used to find the file name in the following table.
:file_names 4;
    "N/A";
    "<interactive>";
    "nanci_tb.v";
    "nanci.v";
